500
0 2736 6067 9759 1452 6545 2563 6029 3969 9158 2492 3049 5097 4081 9406 445 2302 8920
1 883 6953 8428 6959 719 6535 3591 2276 7765 4291 6877 2768 5502 3630 4679 6101
3 6253 1695 6549 9313 5483 7171 6931 7947 1144 1500 7006 8476 5948 4282 1661 374 7296 9244
4 4347 8117 7730 8388 8199 3417 1370 2008 7165 8254 3312 4605 1624 8017 1042 1105 8832
7 1142 4786 5693 5143 9004 4892 7279 6115 5204 4501 8515 7566 898 7891 569 3835 8212
8 8198 8620 263 2548 6249 812 3933 381 9580 6369 7713 6467
12 3588 8195 2676 3173 571 1309 772 7287 1130 5724 6442 6209 6997 2128 1538 76 7949 8130 3877
13 4136 1719 5375 6743 4560 5195 7076 2029 1639 1665 8451 2562 6338 583
14 8872 9583 4984 9365 2083 4444 7713 9367 7682 366 5017 2910 1611 2340 4923
15 4380 4761 9006 4657 7581 4396 8016 6903 9137 6630 3982 1668
17 3561 9263 5041 1666 1079 1927 6381 7332 7849 3996 4084 5496 7868
18 5714 3562 5298 6133 4525 5717 7558 6188 7923 2087 3006 9993 1763 9453 4108
19 518 6514 5416 7322 8703 7320 5083 9574 4076 9976 3261 1601 7787 6258 2962 8716
21 1770 2436 4042 8051 2431 3626 8511 3279 398 4107 1396 6385 6030 9139 7880
23 6636 3902 8674 3637 4015 8057 9130 1060 3744 6325 2480 9908 3869 7474 2128 5715
24 6263 9121 4206 8123 9133 9061 1463 7120 5871 317 1777 7413 2139 3509
25 6467 2945 4131 7063 6390 8996 4731 6959 9987 3848 6732 3519 2183 7120 9453
26 8859 202 915 7306 3772 108 9428 9454 8183 2502 3447 4012 8975 7095 518 7949 2662 8722 2555
28 7604 7119 4294 7326 6851 2982 505 8043 1841 8133 263 1637 936 835 4045 5412
29 7540 9459 6881 268 8057 2787 9526 1531 6063 5022 79 6913 4377 863 9968 6938 5064
30 9428 4158 8583 5391 7352 7847 9263 7987 8195 3073 1796 5059 6701 7320 9407 1900 5962 5063 2 511
31 2212 4431 7470 1890 3780 1353 8924 895 8585 4436 1876 2343 9781 18 1091 5677 2904 4801
32 1708 5676 8568 5504 6260 7314 2533 2950 1120 6522 4920 9611 5166 4222 2183 5862
34 8738 6963 9799 5940 9089 1976 4754 4838 1376 1287 1534 7874 79
36 3501 2107 5179 8084 107 4224 6925 8263 6721 254 2491 2920 5125 7968 2790 935 9160 9968
37 2067 9980 8340 5963 8571 7042 5019 2666 439 6597 4355 4442 88 569 1524 925 8406
38 7791 9988 280 7118 9861 7029 598 7598 137 2558 2270 4646 6216 9896 476 1986 6251 4909 8470 183
39 8351 1905 29 3544 1414 3656 5652 2162 4683 6489 7759 5880 9834
40 7195 5476 6370 2755 7003 2635 2938 2676 6879 2717 571 5389 3758
41 8744 2896 3018 1625 3709 9478 5353 6680 5553 4644 8984 2032 7285 2121 7055 4824 8722 2175 2340 6635
42 4224 3311 8861 4306 52 1942 5426 8469 1611 5416 842 7720 9301 1343 3022
43 2858 7194 2689 2278 6380 7086 9859 1097 940 9957 1183 633 9852 3163 9244
44 720 9511 7800 1280 4835 7386 7986 8961 2210 6344 9659 842 1625 8062 6547 8470 5219
45 4561 2294 8722 1416 3348 4851 4551 8458 196 9315 9302 8486 6924 4985 5340 3023 4901 6258
46 9367 6135 7910 5251 7749 60 3775 8635 1977 3365 7969 847 9125
47 7493 8817 9044 9278 3037 232 2018 1241 1919 1434 3363 5340
48 2512 833 2054 3227 4051 9340 1093 8610 2701 3657 1696 8259 6095 2128 3673 5775 7652
49 7986 155 537 7279 3991 2760 9351 2395 5812 2418 4415 7713 9144 3106 7736 9199 9301 4311
50 1343 9419 1455 8246 9731 5578 496 4199 1963 4938 4571 8102 7298 4213 4552 8812 5234 9199 1670 199
51 1049 5350 3978 2341 4084 660 1672 4559 4489 8942 8535 3496 523 5748 6938 205
52 1893 5073 5549 6626 7393 5301 9237 2421 379 7396 7280 6465 1763 6613 79
54 4508 5540 4071 3657 1981 7162 3048 9834 6300 37 1273 1693 1128 4223 1042 9555
57 582 4133 5143 9649 5414 1711 9190 6351 1874 7366 9636 5909 8541 8686 2392 9013 8528 8994 6101 3894 5507 3074 9007
58 3310 530 29 286 5016 8241 1055 6720 7038 1134 8387 2943 4985 1868 7762
59 7968 219 5729 4538 5044 7414 5109 7513 5857 6910 5553 6117 9007 2220 6141 7438
60 1195 8903 9482 5140 3494 7880 4481 8948 5680 7303 9015 5695 3261 1117 3894
61 7425 4099 1598 71 2992 3424 8033 1987 9887 2878 4288 3166 863 4350 5848 9968
62 2125 4395 1362 6857 8219 585 5341 1353 1009 9154 9683 2275 1429 5307 3379 5451 8470 4901 8134
63 8793 9080 2405 8153 4740 9916 6058 477 6428 7136 1002 8209 9936 3020 9129
64 1335 9044 491 1403 2635 8931 2267 7897 9275 8929
65 1239 2213 5557 9931 9127 4579 4607 6547 5308 3691 8520 6516 3023
67 2434 1532 1109 8302 1223 3383 4441 8429 495 7440 7458 673 6677 3234 3050 4199
68 2610 2741 873 7218 4955 277 77 6488 4227 4823 6515 2340 4326
69 4743 2550 4856 7937 9526 8828 2308 684 296 1319 2978 979 7949
70 4819 626 9102 9959 5408 4597 7149 4508 1735 6059 7736 3717 1150 6049
71 676 1897 4076 7168 7980 999 2337 4676 8864 7987 2858 1668 3543
72 7885 4429 8263 3320 2235 7123 3125 5728 6052 9387 3741 3100 4304 5807 7586 7713 7949 9244 311
74 757 5326 242 6027 9305 6686 1020 7556 9241 7307 3896 3543 9347 569
75 8816 7851 1953 5829 9556 6663 3408 267 9781 4410 6754 1510 1504 9834 7759 2555
76 2903 8513 9898 1198 7692 7948 9181 6064 6797 2967 8238 5864
77 6058 1010 3643 9493 3469 1146 7044 8247 2771 2195 3277 5366 6351 9852 3836
78 7122 2368 1200 1549 142 7149 1614 9688 5390 2381 1139 7751 4377 1042
79 7187 1865 7761 1883 7 9950 6418 5662 6798 7436 2364 9315 7253 4804 3865
80 4474 4241 3989 6420 386 575 5092 9953 5662 6355 7402 8562 837 2927 3885 7240 4035
83 4387 1861 3963 3242 8243 9389 5515 1175 7890 8592 1987 2016 9137 321 5507
84 4985 8864 3121 3864 4963 5078 1351 8732 9968 7527 4344 789 4236 7064 1258 4029 2185 3103 1739 4326
85 8647 5447 2585 3855 5477 425 2695 9083 2897 4797 6609 685 707 1289
86 9440 6763 7363 6056 4077 7443 751 552 1476 562 1925 6146 3101 5156 7756 1934 6020 7153
87 8169 98 1122 2590 3974 6860 1941 7716 9121 5913 1558 8235 2085 732 1534 9270 1238 7133 1979
88 524 8353 4505 1683 428 5556 4959 5044 7087 8021 4846 906 2486 5862 6699
90 9414 9610 6609 3192 4251 4513 540 8519 9617 6216 8214 2489 8387 311
91 5244 9168 5651 9889 5707 6189 9054 7484 4739 2208 4293 8512 6802
93 8880 2515 6341 2466 9413 5533 854 4076 216 6588 2404 9741 7956 4340 9007
94 3035 8384 2233 2182 4381 2967 9128 924 9344 4178 3054 7883 5458 1110 9545 2128 4855
95 4322 8805 1928 7188 273 3770 5460 3705 4419
97 6917 8101 5998 7607 8862 3394 2878 9003 1937 6585 2584 6675 3758 1781 1721 6744 7710
98 2180 7185 764 8245 1310 5146 8580 9029 4620 7981 2999 3793 6621 5387 9533 7652 8069
99 9655 2539 3691 6379 4632 593 5194 8499 8490 9305 2453 6175 7367 3982
100 6840 9413 2197 4031 182 7118 9953 1375 6657 1034 6020 3547 7992 9043 7759 7669
102 9248 738 6035 3372 2420 2548 3419 9855 4576 5655 937 6101 5458
103 1982 231 5859 6972 2872 5493 6481 7671 6915 138 8209 3561
104 7121 8712 3109 7808 3153 2413 1506 6636 9416 132 5695 4670 9371 8058 5066 5746 6978 2155 6584 9848 5848
105 5280 760 5884 9040 7228 8170 3330 7116 4126 8770 2696 6608 2628 1865 3648 4493 3842 8797 7285 7429 1145 6101 6613 3936 5848
106 6208 5499 9641 3275 2822 6830 4593 827 2794 843 3393
107 5266 8261 5117 9189 134 5557 7589 480 6892 7694 6655 7379
109 1479 5182 3450 6631 4913 8123 4036 2525 9964 3535 283 6161 2968 3684 4256 4793 7575 4619 7517 3602 9129 6134
110 7747 7506 1479 7680 2730 6990 9906 7503 5652 1304 4783 5500 5993 4107 4909
111 169 4402 2542 3038 9688 8870 6677 1691 1089 2253 4969 4487 3784 6388 7709 3363
112 132 6560 5749 9316 5220 3217 7213 7013 9522 9534 8045 6619 949 2121 7732 79 5748
113 754 3625 8408 8337 9450 9685 7518 5621 4899 3950 7 8445 183 8644
114 3182 6748 3037 3454 2152 9372 5999 8743 8572 9955 9090 7647 8949 2121 5507
115 6522 8653 3442 6205 7726 8940 1017 8926 412 6810 1429 2858 8663 2643
116 4142 3610 3907 1752 4665 5049 877 1448 2068 9055 7481
118 8625 574 4296 1721 2923 7117 3837 2430 7378 1469 4448 5814 1628 6067
119 8460 1962 8717 3001 5950 5122 9301 1668 3394 3005 1339 8209 9543 4776 1498 8176 8151 7185 1409 5962 896 9903 2555 7517
121 3057 7883 7601 6890 8052 2359 9593 7902 5373 6090 5034 6303 2322 3586 6584
122 3581 6503 3820 9333 6269 4941 9674 1522 2781 2426 6601 3493 4191 844 9144 4780 8580 4071 9301
123 7281 7977 4556 6178 9451 9740 36 4491 6449 7328 1639 2460 457 4639 2875 6258 1752 625 8470
126 449 8861 7223 4166 3655 3286 7070 6170 283 8069 9605 7709 3354 9669 6827 3758
127 818 5861 7837 9069 7860 6325 6812 6153 7270 4709 1415 2688 6608 2060 6141 6613
128 8827 8131 4937 8119 1805 8797 6971 3376 3543 3645 7001 4383 1958 7883 3732 5334 4352
129 5525 6428 7617 1352 6429 9389 5610 5013 6275 7043 3648 4457 3089 2643
131 3510 5804 6601 5155 3336 7480 5831 7 5126 4260 8887 8903 6382 8362 5654 1299 8055 8423 5531 1496 719
132 2824 9001 4763 7215 2071 9167 1509 620 9920 7130 9431 3111 3074 1125 3316
133 1201 9923 6412 5519 8349 9862 4553 6829 3301 7552 7072 9848 7709 6258 1105
134 3005 4419 2972 7160 7210 6925 1662 3100 6568 2664 1090 3810 6453 9731 2240 4314 6134 8832
135 9169 364 1359 389 786 7880 5468 8476 5603 6229 6771 9906 6623 523 6938
136 5734 6078 3230 1320 9816 871 2017 414 1609 4597 2766 75 4382 8307 8121 8491 3074
137 7870 7559 8807 4739 8213 7816 7196 663 4938 919 8462 1248 8293 6613
138 8167 3992 1509 7117 4924 4883 3676 8521 7910 3186 2927 712 1425 3463 5053
139 8311 9505 8925 3864 9282 3776 7361 6825 7534 2240 9970 6358 9676 3741 9168 2185 7713 139 9075
142 8174 1633 1770 5595 2786 2301 9837 997 977 7130 1924 5993 8389 34 6074 5788
143 673 2404 9576 4181 9056 6355 6606 8898 3683 6615 3365 9039 4149 5381 8387
144 5741 3121 5275 2636 4973 8716 1295 7561 2279 5596 1436 1673 3316 352
145 3382 9041 5465 361 210 8391 7210 9716 6888 8332 6260 502 2873 9331 5668 9007 8140 1900 5251
148 1164 7827 6840 206 3536 1821 7155 5293 697 9878 7229 8706 1871 8145 6790 6613
149 2342 131 3418 9861 657 171 7474 3453 4021 3946 184 636 5225 9709 8671
150 6708 6370 4807 4569 8684 6959 7895 319 8814 8156 8763 1871 9291 166 4470 9465 8140 901 5783 1668 9483 4199 9903
151 3404 7174 3438 3877 8960 3053 9191 1892 9557 956 5431 3101 6285 3723 8651 7438
152 8224 9858 3608 3232 9686 7065 6856 9027 790 8623 9072 5004 8832 1149 6547
153 2816 4386 4759 5251 9818 9386 310 2427 7663 2848 5815 9646 6538 6534
154 1066 3797 1363 2882 6988 3101 9963 6569 8940 2461 8538 5948 7459 9224
155 286 2576 6823 7249 2864 3388 9946 9953 7723 4988 2234
156 8389 8016 8172 1007 8626 5515 7162 9415 4866 3149 2895 9751 425 569 843
158 1034 4891 6862 7743 503 1195 2798 7751 7525 2536 5504 9585 7507 8220 7601 9129 321
159 4462 1761 6546 5543 5492 6494 4816 3269 1940 4175 9618 3945 3781 3584 822 2215 2697 7556 7 1353 2615
160 2566 6577 2127 273 661 4287 9781 9318 5060 8092 3233 6046 6986 1625 6537 4340
161 831 7190 9738 8010 8236 6835 7305 4835 2736 9545 7699
162 3256 2913 36 9321 4490 6148 7381 9008 8446 4031 2740 9970 7652 3836 2555
164 4915 2494 7537 6428 6208 2858 3381 4054 4213 1196 6636 1080 7742 4544 8528 8146 7790 8227 4311 2155 6404
165 233 1357 178 8706 9346 442 7194 3296 7323 1060 5583 9129 4027 7133 1353
166 4370 1163 6385 8125 7258 1357 1819 2695 2220 774 6815 3885 2288
167 740 2818 7925 913 6232 338 7276 9569 7113 395 6777 3584 7782 7296 7438 3783
168 2082 9895 5858 9470 7624 644 4901 7770 9081 8425 1855 4928 2066 1496
169 9755 9897 6028 2175 7119 5712 5786 8388 4458 250 4684 2478 45 7929 8234 9615 7333 6030 4527
171 5825 7028 6757 5360 7298 220 3344 9705 7360 4528 6485 979 6672
172 5838 9364 8303 7935 3304 1459 9062 8529 1473 6845 874 5097 5497 7893 4527 3261 9199
174 8544 1622 9499 5405 2547 4159 329 4334 8708 2194 1488 5245 7467 4311 4909 7880 7652
175 2379 3770 6318 6786 969 844 2655 2015 8185
176 9885 9643 4524 5166 6848 2536 5032 7935 2701 6952 6482 6141 2209 7709 9023 367 9842
177 6599 208 8407 3721 3320 5230 9828 3602 6216 8671 3895 6607 3355 7023 6899 9118 417 9970 3543 7517 4035
178 1431 5394 9694 1602 5849 786 8571 1350 3242 4661 3376 8207 9940 2666 8498 7902 6153
180 8646 7552 1927 3274 4241 5525 3724 4555 9650 2283 8759 4035
181 6594 9414 9655 9057 5347 8359 9318 9721 8803 3419 8120 6486 6170
183 8993 2470 2285 1587 4541 4437 7459 5275 9746 7658 1625 8055 4404 868 3641 3079 5737 9023 5880
184 2549 8766 6134 5779 5176 3540 4805 8350 5634 2425 2437 3385 7754 4567 3894 6675 4314 1299 1984 7732 1668
185 5563 6705 8056 8463 5277 3720 581 6373 8748 1380 9766 372 8332 8387 8284 3226 8041 7173 3408 7234 4362 527 7864 2114 3144 7997
186 8163 7114 2977 1542 1569 9252 3083 2974 7250 2079 2105 6334 5413 7820 3012 148
187 5430 4183 1114 2472 6545 2722 9955 1350 6000 7746 6453 9120 4004 427 2327 9404 4679
188 7846 1270 1956 1901 3096 7968 333 4893 4808 8116 7070 282 2707 442 4728 2643 3936
190 7409 8732 4270 6105 6507 6778 7747 7526 7351 6871 9147 9924 7606 7347 9192 1979 7688 5997 3377 5099 2986 6030
191 9776 4795 8337 2249 6991 6990 7738 1545 5252 4824
194 3077 6320 5805 4512 8231 4230 4696 8212 6537 7936 4636 1210 739 6519 7217 5445 3528 1858
195 191 5561 1586 3210 8460 9705 3332 8958 1971 8108 687 9230 6187 2962
197 2687 9935 3857 4909 7453 832 2258 1348 6433 7049 6920 5869 8125
200 1289 341 7290 5862 5093 1906 760 8914 8921 6535 8959 3914 3240 8498 79 7652 7012
201 9933 5909 7492 4341 2506 4185 178 8455 9928 3333 9159 6345 6101 4199
202 8113 6423 7888 5883 799 1708 6608 2759 5331 1569 3581 2283 1265 6359 4397 5446 2475 1934 2413 8462
204 8471 734 5234 3147 2017 7943 4896 1777 3837 3417 4268 9194 1368 3004 9990 5412
206 1032 2395 3074 9900 4846 6136 2190 1720 977 2445 5588 1050 6537 1931 5762 8005
207 535 8949 2547 2996 6858 1362 9330 2699 8687 9707 6271 8834 2630 8209 5880 7153 3012
208 6332 6854 9256 7823 5566 4256 6640 7762 8967 4248 705 8008 210 7904 1323 9573 9615 7285 8812 8130 2327 838
209 3243 8105 1799 888 4887 7474 7754 3351 5829 5169 4591 5445 8249 3998 6324 8756 3146 1256 5869 9244
210 9302 2736 141 8699 9016 5453 1768 7485 166 1312 1365 4222 1295
211 9366 7114 6641 1523 1961 8008 5634 1783 2838 5276 9086 9604 8491
212 2560 490 6653 2607 3596 5317 4402 1098 5048 3554 1467 8780 4100 7688 6613 569
213 7232 2263 2900 276 935 9020 6271 3977 708 1751 5555 9522 446 6773 6750 6467 6986
214 9466 2412 1867 5554 4806 517 2243 4638 4130 2002 4780 4020 1625 9842
215 1838 6166 6794 8302 3163 5675 9300 1420 5139 5322 427
216 6953 6478 3879 311 1298 6560 6736 1222 6903 3269 7559 4670 1425 8515 9211 5224 6547 9991 8005
218 8957 44 6516 131 2032 5566 2007 1257 4797 8057 7867 6774 3215 8782 4034 4907 9848
221 3404 3363 3126 2109 2197 7884 5797 2396 3230 2385 2796 2404 41 4884 7267 4199 5064
222 3735 9219 2886 1820 9058 2877 3081 2001 4120 1065 838 205 4977 141 7949 8043
223 4243 2552 2082 6658 9950 9169 3822 3320 6413 1293 4799 6174 1235 6460 3505 247 2422 3543
224 1963 2973 7611 1316 2778 2603 6718 3584 6746 8518 4814 4974 2147 955
225 2830 1349 3923 4079 1205 5070 1796 9833 6948 338 2668 8445 3935 2175
226 8543 6231 7137 2845 7322 77 6993 7659 5893 5090 6801 1353 9357 5156 9244
227 736 868 6123 3776 2227 5986 5504 9123 8727 1919 5386 7906 731 2240 1429 3006 4352
230 3751 4653 2263 7733 8665 6287 9462 5062 603 8972 446 5787 7485 6021 6547 5064 3304 1710
231 8208 6590 696 6351 4240 4811 9123 9293 8634 8969 8891 9713 7874 9562 7852 9013 3111
233 747 3529 1178 9407 172 219 3095 3177 7946 688 3240 8942 6980 7747 8671
234 4402 7415 4105 4939 3069 3688 6186 3888 2886 9745 686 9008 7219 3521
235 9437 3387 1165 8405 4203 5473 4931 6843 6939 2651 6785 7195 6324 1784 9533 8068 321 352
236 2339 3457 6950 3297 8064 989 3361 7649 3868 8135 7472 8491 188 3720 8470 7949 9545
239 2514 9888 5153 9326 5148 5818 2279 3189 639 3801 3944 3830 5412
241 3587 1513 6857 9138 5043 5283 6650 5381 5474 6222 9790 30 916 9623 6492 6187 1260
243 8010 213 3508 2313 2567 1328 8367 4349 4630 7787 8702 8834 4354 2240 5412 2288
244 1344 6601 2105 8159 9068 7956 7420 5490 7504 2939 9573 88 8245 7586 8922 9968
245 8808 6509 7516 3450 282 6825 7078 8682 2415 1980 1855 1273 2818 7055 5869
246 2119 5296 1040 3667 8831 5917 6260 2183 2521 3024 5403 5500 1708 1774 8284 3586 3074
247 6974 6607 7026 1657 4304 5871 551 8609 3542 7041 5667 5195 3703 9199 5064 7762
248 9752 4971 8744 7975 7003 7058 6425 7410 6448 758 2669 5386 8212 9301 4442 8431 9545 7699
251 9409 8767 3616 4364 9057 4828 5289 3820 6356 7136 183 4177 8584 2139 5451 7883
252 7870 8627 6908 2126 3715 5119 3168 9803 1938 1125
253 499 1804 5667 3747 418 247 146 7045 2034 8343 2037 7392 8224 3316 4399 8134
254 72 2272 4140 4597 3548 7339 9215 7501 1202 5698 7413 1405 7267 3074
256 1038 6502 4319 1323 7969 1224 8999 5862 1634 7087 7215 8579 4311 1358 966 1798 7864 238
257 9125 1952 33 2813 8807 5671 641 4726 1234 6427 892 1512 8566 5437
258 8008 7248 9747 5451 7532 9302 6407 4416 9456 9373 5548 4060 4314 4958 447 6980 6827
259 1230 8008 9304 1220 1292 8703 3955 8912 2018 2764 6700 6241 4199
260 7718 9798 6507 3649 8221 6381 9146 49 9448 9878 3706 7797 2000 3894 1871 1496 9007 5507
261 5997 4755 4211 8352 5562 6019 6651 7523 6747 5801 5007 6144 3806 2738 7845 3453 7012 5880 9453 4199
262 7484 4763 4849 4008 3794 4174 6958 2252 4537 1167 6054 6692 6258
263 6342 3999 2203 7875 2952 6776 3971 5158 7222 6101 8812
264 1664 2329 8522 5001 1032 6739 5636 6817 7201 196 2228 8027 8649 6141 1091 9968 4909
266 4450 3803 6890 1142 473 639 7504 2847 3860 5093 5797 9448 5583 7968 1121
267 6116 2735 6248 5201 9416 2421 2707 4215 1866 1697 5743 2240 4247 689 6251 2595 3032 8387 8832 5507 7153 2962
271 5428 6586 3037 4421 3749 341 6647 2956 6362 7859 8343
272 7641 750 5146 1078 735 4039 7737 7537 336 5298 2892 5941 8470 7709 2136 3586 7699
273 8740 6527 4812 374 3383 3610 8332 6650 3253 8348 3924 1026 6176 9235 8938 4941 199 7413
274 8481 1027 8645 1064 2476 9654 7220 2118 8866 4561 9871 935 9842 7296
275 3416 7117 6548 3193 7916 4929 4302 750 2091 245 5064
276 2638 8739 9281 5195 9593 7229 5073 8574 9017 2345 5810
277 8965 8225 2202 9524 3050 4910 8240 9948 2837 9973 6438 7699 6790 9036 8062 5677 1105
278 5388 3828 9192 2882 7328 6072 2314 844 2732 1252 7549 3665 3982 6467
279 8234 6324 7833 5494 653 8560 860 1047 819 1377 8135 3975 7686 893 4433 3405 5966 2
280 1180 9104 8002 7787 8721 1766 5344 2349 7699 7580 8896 798 412 7762
281 5726 9899 5251 3409 7853 5810 2837 1923 2851 969 6824 8134 304 6290 9800 7252 1121 6470 2555 5677
282 7482 2353 4483 8973 7401 3846 4904 2150 2610 6606 7289 5677 5748 979
283 4159 1595 6270 1714 5444 1574 4399 7840 2209 6511 3160 9939 6300 9688 4746 7765 8223 2615 6487 5385 6178
284 2938 2741 5754 8425 3401 2191 3291 8951 1402 7885 5852 4769 3783 183
285 9671 2120 4565 8175 989 4917 391 4590 3866 2144 898 3524 9199 1534 3758
286 9725 2386 3973 5587 1302 8989 2372 2190 7570 3729 450 6465 412
287 9484 7527 1279 7435 9245 5023 7504 9047 9619 2663 2828 6967 673 397 4027 5762 7762 5446
288 2296 8520 9262 1297 5127 175 827 6279 4340 4564 7575 311 1934 7153
289 3592 204 5882 6733 3802 1365 8475 8954 5596 4913 2879 9733 4728 3783 2932
290 1291 5547 8794 7797 6799 9268 2731 4166 404 1453 6906 6932 9615
291 7792 8216 5209 4721 6547 4671 1443 4620 5247 2272 2109 221 3944 3533 673 5775 2114
293 6573 7062 82 5715 594 4463 224 6456 2967 7250 4173 6608 4199 9007 9842 7438
295 9929 5312 1948 3739 8653 5712 5543 6338 2091 8916 5232 1668 4664
297 2701 39 760 291 6818 4301 5783 7318 9651 5534 9374 4724 9745 3111 8812
298 4970 6478 8722 4304 874 2369 5302 766 5415 9856 6748 4891 3700 1365 2485 3792 2288 6778
299 8041 3682 953 7806 8854 8127 2500 1982 3077 3901 7330 2327 5261 518
301 2364 4380 360 1908 8995 8596 6886 7999 8116
302 2545 3442 7967 7635 8442 3180 696 8906 9741 7874 5810 5702 7012 8883 105 745
303 6345 500 3318 1581 8241 6311 7773 3290 8863 8895 9982 2666 2340 7413 8406
306 2638 8453 6299 6656 728 5301 4500 6452 5907 9192 9569 5045 3051 5111 4855 8722 541 2986 1871
307 2880 5781 8021 6315 3587 9615 2721 5523 2329 9944 1607 2668 2524 5063 4985 2349 2929 7120
308 3723 9184 1639 4393 5757 7362 5786 6335 3524 176 8814 9380 5477 5446 7057 7713 3074 1289 7652 3012
309 3172 6402 8953 8000 9646 3019 868 9291 3608 7881 7261 6244 8830
310 3664 4968 8678 554 3188 9688 4363 9318 3632 3046 2150 4786 6903 7842 5677 7759 447
311 2417 8376 4331 2614 7648 86 1115 451 7304 1348 8512 8134 1534 5053 3836
312 2676 9108 7865 859 1458 8535 1835 6020 7091 3694 279 7517 3164 6737 7699 447 3877 6635 6778 5788 6938
313 9867 3104 5589 5331 2256 6615 1938 9920 97 6134 1209 2397 2896 9044 9191 9260 4340 9903 2986
314 357 8188 4284 6562 8595 7240 3140 4293 2939 8032 9702 8958 6836 5340
316 5679 7713 2196 6329 2759 3521 8837 8118 347 6934 4814 9073 7293 9301 2615 5962
317 1111 5395 9388 9997 8434 7014 2724 1164 9565 571 9874 625 3561 494 7133 79 9129 8491
318 9657 2138 3867 7523 6948 6147 4186 6982 9807 9023 7233 8068 4352
320 3983 1456 9808 7965 6763 2685 6234 3365 5602 706 3656 2898 2962
321 8588 734 6183 7843 8410 2628 3628 166 6627 9483 7742 4901 4311 3584 2962 7949
322 3064 3015 8966 4175 5193 7578 4809 4626 9504 869 4713 4965 676 7004 4890 2875 6827
323 7701 5522 9653 2573 2340 3612 3005 3778 9733 7957 23 603 6404 4626 7193 2 6101 1774
324 5204 2823 2962 1574 7314 1317 620 7154 8569 3099 5939 6463 1201 6305 5748 2288 1134
325 7321 1721 8913 5624 8272 5456 5013 2583 3087 9156 84 5564 6584
326 996 302 8413 7629 7603 6624 1458 2138 8171 3376 782 4531 7736 2 838
327 6492 8586 7543 5182 9348 8749 516 3663 3156 6176 233 3005 7585 6115 1601 5248 9299 6534
328 3171 8629 9064 6017 7234 1841 9242 8774 3616 4619 5880 6827
329 3980 5537 1678 66 350 9622 62 923 3195 2184 2643 2962
331 6420 4416 5389 8274 6985 5801 5302 6152 2155 4362 5879 682 6676 2986 2818 6537 7759
334 6195 5897 5895 1617 7451 9843 2090 2019 2412 6828 1169 8358 4499 5740 4258 7652
335 1711 7261 9932 4054 6337 1102 2931 2391 3625 3537 3524 9717 5553
336 7741 8469 2187 9809 1625 2129 2946 6640 8833 8330 5193 8125 3144 6986
338 4478 7213 9362 7840 7604 2280 9565 1792 6148 1978 9779 9292 6731 1647 4606 5962 8994
339 7859 6717 91 7461 5290 6588 4949 4580 3246 7277 1479 6226 511
340 732 7469 4693 727 2595 996 7077 2518 3931 4033 6282 6025 7969 5408 468 3163 1383 1710 6270 8005 9040
341 2779 5622 5722 6108 7376 4137 9466 7930 1774 7949
342 4010 5242 2296 4972 9889 7037 5261 5353 5581 4876 7409 32 8259 523
343 2008 3870 4097 7963 2641 4938 3012 2419 2465 4204 7488 4531 3077
344 1176 8075 6946 6836 9423 5552 2639 8150 746 2609 7406 7841 4036 3802 3566 1150 4341 3163 7296 1299 5962 5715 2986
345 5574 8934 8429 6454 477 3481 2649 2861 6614 4761 8672 4097 9749 2615 7438 4909 9968 7762 5715
346 741 6063 5158 8264 9926 5621 5832 3174 6289 5390 8008 2870 4771 1299 3074
347 7522 9510 240 5152 2290 1115 4830 8152 4735 3584 7997 6545
348 9859 7248 8594 4562 7377 4851 3307 6467 4797 779 4259 1267 133 4749 7240
349 2515 8345 1881 7413 2061 7130 6476 2117 5553 5437 2336 2671 5138 3146
350 1379 8461 1574 5809 4054 5885 7563 3536 226 4854 4315 759 2155
351 7206 7353 8943 7173 4792 4259 4920 2624 9338 8443 4923 9652 3772 552 991 1647 9013 979 6054 7438
352 578 8882 9968 9172 1275 7836 2828 4548 6385 4774 2617 7648 6940 8233 7948 2030 5270 1557 310 4286 6021 5715 9244
353 1319 199 5038 7043 3396 4364 6459 3697 5794 5399 4857 2168 8769 1039 8242 4314 1873 5445
354 2000 1620 8331 4181 5163 9956 5186 3064 7605 5217 4415 1718 847 4864 9637 2790 6920 9533 3144
355 3727 2371 4911 1096 6191 1214 6379 1359 1454 1337 860 2643 9244
356 3376 8510 4906 3502 8583 2583 2465 3241 8921 2546 7865 6270 7713 2457 8445 5639 5304 1289 8008 7795
358 6389 2834 3303 8074 3940 345 3820 9350 3318 1239 1038 8209 8644 9199 9533 4801 8994
359 2274 5549 3135 3837 1682 8361 1571 7395 1391 5334 1276 9988 3169 9356 1790 8152 2559 1512 4045 9199
360 8067 544 6018 1311 8344 3318 7067 691 9251 4890 4267 1037 4060 9565 5821 6986 6465 6613
361 5503 9768 4924 6752 2872 731 8942 9834 7663 9085 1580 4948 4255 2523 2910 4491 1668
362 9266 2844 9570 4963 5097 910 9347 5185 4266 5702 7683 3632 8429 6532 1771 8423 259 7762
363 0 7131 1840 381 418 2878 9767 1451 2374 7652
366 7215 4412 7147 6287 6441 2918 7488 6520 5052 4856 9265 6014
367 9862 1219 4059 7680 5683 864 2045 4754 7912 221 780 7240 7699 5412
368 8952 4849 8933 6497 6247 2012 9208 904 4257 2530 8116 6650 4624 2052 9731 2240
369 5968 6281 3549 9400 9101 4004 3902 1011 616 3081 305 2431 3543 796 8693
370 29 2780 1650 1548 5005 2369 7301 8440 6002 450 670
371 4714 3118 7918 6437 6810 661 5027 7097 5958 2445 9994 5950 5240 7040 8484 8663 5826 450 5962
372 8739 2745 70 10 6175 2176 7304 4257 5379 7114 3132 2657 8784 5710 8910 321
373 8443 1710 7974 7087 8390 8081 5966 699 1313 4624 5306 5251 9683 372 5830 6996
375 7231 6872 220 8159 5003 8249 11 2467 9576 1890 8069 6492 3964 2340
376 4401 5054 9871 2851 4574 9600 5712 3388 4705 9736 7786 7424 1718 4071 4367 5902 2264
379 5601 493 4081 3720 6218 6718 5609 6269 4685 9459 5410 6131 5492 2904 3074
380 2730 1342 9440 3392 9372 3031 4693 1565 3014 8689 6889 2704 5715
381 227 4382 919 741 852 9487 5639 761 7742 7827 8892 3668 2158 5702 5726 2666 5715
382 9215 6925 1327 6905 3829 5100 7899 1212 5697 4298 6672 5810 3381 4931 5437 2962
383 6952 8040 4066 1485 1419 52 8170 4802 351 2038 9118 4962 6170 5715 412
384 8014 7239 9706 6437 9370 5310 1335 4582 7503 1412 2650 6457 914 3836 1871 6621 9659 935 7790 9139 5848 9453
385 5885 7676 7169 2206 9941 3747 463 9074 8085 5008 8393 2790
387 5429 16 8722 9933 1648 2673 3726 6665 6811 754 6519 3717 2263 4819 8069 6351 1956 5980 7153
388 457 20 5119 2297 1836 331 9622 449 2058 5818 5973 2732 2962 527 9968 2240 4079 9533
389 3739 4531 1629 6770 8624 190 4231 355 5509 9063 7636 7415 7227 9323 5917 6099
390 7111 9703 5905 1336 3335 2265 9515 5813 7331 5234 6765 9981 7370 2302 2532 7919 2
391 5690 686 1195 7251 538 550 1466 4143 8898 4732 9887 4828 19 4345 3026 7740 7791 4326 9007
392 5388 6609 7269 2164 9637 6972 7043 5805 8372 7602 9523 4134 6827 935 4901
393 3785 6832 1637 1807 3378 8554 2575 4612 5944 9268 427 2898
394 3594 8779 2406 7956 2143 8650 8385 946 2100 2484 7664 7820 9029 7880 6986
395 4801 5400 8743 5189 4135 8447 8228 1372 5622 4281 5393 1882 3188 7919 8450 1790 3006 5307 8671 6054 2555 352
397 8216 5628 1623 139 5032 7542 5838 6355 2751 8967 2307 1507 3689 9692 3380 9483 7997 4314
398 6594 3358 9453 1348 9526 8632 7732 858 5125 5332 3427 7841 3676 4240
400 2037 814 6568 4307 1722 5859 8798 323 6462 1944 824 6675 3285 7055
402 4422 6205 2858 3253 8806 5334 5102 3279 8143 2792 1560 9443 4314
403 7690 5345 9450 4356 9959 7965 7843 4363 6928 5710 765 8644 9918 6258 5880 2555 9075
404 7904 2228 7500 6762 9640 876 7510 4324 6011 1562 7499 7452 1554 4372 8020 5449 7742 5072
405 4859 3918 1035 3048 2103 2653 3747 7454 5220 9627 5760 5413 9327 5434 3795 9199
406 3216 3600 16 6348 4400 4819 8876 8070 9045 4486 9265 6076 3159 8387 782 4034 9404 3812 321
407 1740 3681 513 1052 1824 3745 4612 5839 5743 6227 8671 4214 602 6245 3795 1140 6101 9968 5880 6327 3836 3032
408 1558 7288 3895 9067 5738 6654 6087 5472 9851 9261 6447 3356 4176 6778 5437 2121 7240
409 3634 1467 8780 6295 6164 669 6053 4677 9028 5662 9116 9872 3827 5710 670 8140 5340 4901 427
410 6774 1296 429 4704 8269 1001 5692 9214 1956 6259 5154 1858 6534
411 5240 5553 2169 2457 1785 4778 611 5797 828 3884 2550 9692 9704 3375 3723 1348 6458 6778 4855
412 7465 8375 662 638 9094 3149 1093 7105 4766 5356 2963 3501 297 6346 7997 5902 7896 7413
413 4851 3805 8187 709 3297 3677 8088 7393 1689 7412 3989 8685 5340 9007
414 4688 1637 9420 8458 5192 8878 9547 7595 8676 2463
416 6882 5178 724 7784 9532 4867 4027 8647 1637 4087 3376 935 7438 3004
417 7903 5202 2258 8904 5232 1737 3048 387 1226 7802 2115 2264 3707 5006 8098 6584
418 936 3463 7235 7655 5017 9864 396 4095 5667 4055 3269 9758 5445 650 3830 9374
419 4088 3158 4825 328 2887 8697 4985 4274 7795 448 5338 5108 2958 8539 5307 6547
423 4530 8508 5246 390 6878 2648 2691 8761 8529 2465 7254 935 7296 3012
424 2987 8882 828 8319 744 4284 8310 6467 8837 4664 8140 6137 6 3277 4737 9478 7893 3630 4345 9689 7438 3936 4400
425 4252 84 9247 6196 4280 9028 7329 870 3154 3512 7564 4481 7382 7743 4423 3186 321
426 4083 2055 9657 193 6447 2292 2698 6482 8440 8908 7616 8225 1642 1851 3409 2543 1969 183
427 7090 8735 4645 2329 7004 4463 6351 7763 7201 1467 7753 9083 3066 1121 148
428 9366 7901 7980 639 5015 8382 7340 6015 1793 6153 7560 7787 8116
430 6555 294 1597 9420 376 2051 727 1359 5107 7200 575 3981 5848 7153
431 7075 8698 2508 29 9329 8010 5490 8461 8536 9435 7035 311 745 4664
432 6793 4791 2059 7427 8523 2191 6121 5701 367 6330 5643 7210 6528 4901
435 7685 8011 9648 191 5099 847 4558 8400 2749 7917 6600 3753 9265 4314
436 5365 9798 5933 6345 9440 4170 9056 953 5202 9271 6002 1715 829 2052 2184 9461 4340
438 7770 7681 5310 2927 1246 712 4984 1893 7212 6923 1643 2037 7851 1830 7978 2990 2212 9842
439 4089 2805 9137 144 7155 3662 9610 3056 8515 5186 606 7435 6102 7630 9023 7791 1868 7992 2962 9129 4314 9842
440 2925 516 5661 5614 2985 6895 9531 3030 3606 8248 6035 9488 4913 2704 3684 8293 8491
441 6609 5503 9445 7544 6364 1800 9488 8392 6085 9591 2224 8830 2013 1625 2240
443 1562 1046 9843 9939 995 6733 9935 5523 9256 1456 7586 987 3842 6495 5862
445 6179 1902 9604 947 9516 4747 259 7340 905 7599 9713 8711
446 1441 7536 4034 4243 6370 9477 8367 9931 1230 1578 2203 5182 6684 5969 6613 8293
448 210 9505 9650 5181 4527 8972 6561 4883 3342 4347 9438 1436 6015 79 8195 3836 3074 1668
449 7233 7167 6000 4936 863 3913 5124 7204 4935 6474 1188 3513 6140 4504 7542 6262 7055 8487 2555 7413
450 810 2744 8183 5704 6265 6911 3755 7545 6349 7899 4413 7024 7192 7266
451 9148 4891 2872 7976 750 3345 7661 8052 7077 3329 3491 3835 4824 6584
452 1682 7893 2623 4907 4736 7713 8845 7946 2022 6568 1406 6431 7434
454 7116 6132 3900 322 1916 4347 7975 4511 2399 6653 4755 7425 935 2043 9742 8495
455 3121 9683 1574 7698 6937 5618 4737 2862 9139 6506 2255 8405 1912 9255 4855 3781 1546 937
456 7489 9711 9800 4899 6663 1798 9856 2026 6160 5836 9250 6967 6134 6920 6817 8293
458 5419 510 9474 7598 720 3816 9410 7287 6082 3456 4232 7709
459 4580 62 8090 4996 6686 5902 4279 656 7591 5479 6448 4923 7290 745 6258
460 9376 7909 1398 3819 2058 514 4704 8141 1536 141 859 3736 1874 7880 5043 447
462 6712 7586 3946 9627 6166 5008 9805 7020 3401 7027 2264 8691 6824 3050 7736 3316
463 6480 6273 5808 3848 3611 7525 2788 4289 6353 4108 6509 8579 8711
464 137 1428 9243 8491 2457 1087 29 6270 2827 3199 5424 5071 3371 2121
465 2479 2548 2236 5764 8674 7340 6410 8436 374 7481 552 6492
467 3716 9988 1191 9458 8279 1276 3086 9218 1084 632 876 1353 8338 8836 4345 6482 2121
468 8032 3793 7625 3829 7231 2499 6119 3536 925 1979 1134
469 9711 3541 5392 4137 9170 1745 1331 9851 9386 6538 1465
471 7239 2417 4752 1424 5206 9224 6570 830 9223 9111 24 7219 3934 4247 5868 9337 5869
472 8287 6780 6637 4124 2206 1946 4383 7497 4262 1174 8671 2643
473 2430 5084 5000 4538 9887 2145 6509 344 2700 1752 5448 4180
474 3084 2711 233 9233 183 8637 7082 9744 2926 9685 4190 4721 8423 7285
475 6341 2640 5379 4180 3605 4041 339 725 3068 7251 9187 7698 7361 6855 6029 9139 8293 7883 4020 1238
476 8204 5235 9308 8183 9409 9216 3736 7782 2592 7768 7653 2490 1935 1347 6447 4501 866 3586
478 5677 8992 9463 2896 5526 1521 8668 2748 8621 2327 3264 9414 1301 3897 369 8994 3753
481 3227 9676 3958 9989 3151 4173 7878 8740 5336 2242 3629 1505 6262 1105
482 2215 4646 9675 6309 6491 964 3968 8430 4665 8005 5185 9199 1625 2704 1668
483 7849 1785 6375 1958 5447 3315 2282 8759 5880 3413 8107 935 7992
484 7784 2458 1687 6214 4460 9422 6909 3682 1782 9176 802 952
485 7118 4906 7110 4191 3775 4801 1950 3363 257 5187 8967 4300 2951 6379 618 6369 935
489 1847 1942 5555 7197 4093 8818 7482 1892 7794 522 6651 3251 5481 9931 5198 8134 7296
490 7797 8904 8954 5287 1348 5185 7660 8938 2328 1287 8200 8889 232 8891 5251 8662 8104 9461 1042 9968
491 4638 6189 3180 5690 7114 695 8030 4973 6011 1673 8053 3832 5826 952 7399 2764 7725 8069 935 2013
492 6227 608 1189 7318 3114 6036 5272 8463 7088 6412 8616 8293 9842 7949
493 8517 6422 6628 3207 8326 230 4903 8937 9406 8043 6115 3630 3012
494 174 4691 5622 8424 6025 9799 8480 4170 5136 3945 9915 3363 6986 1542
495 6964 3961 5036 96 3824 1044 5466 3542 3005 8768 4066 8722 9265 5917 246 545 3004 3836 447
496 5462 287 7741 2887 6318 2553 7650 9095 7074 7314 9014
497 6550 3703 4710 1072 7642 9245 2278 9328 2895 8678 6261 6148 1150 7339 2739 9013 7782
498 2730 3895 6501 1325 2426 3005 442 8792 6222 1907 2031 1262 9443 155 3320 8711
499 7953 9056 5103 4055 332 2622 4804 5162 7371 4232 5358 7904 1244 8267 9842
2 4841 5607 4878 7348 3867 5660 8744 9988 4992 3215 4684 9943 7906 4216 7456
5 3838 7006 2345 2248 5532 4720 6387 9459 6155 3438 8367 4705 6369 5748 8711 2422 9301 6327 5643
6 2125 8964 8308 7413 8850 416 877 6934 17 1442 364 8131 1641 6986 6170 5848
9 8758 4558 7400 3194 6917 1734 6637 475 6290 4591 3693 8111 7562 7740 76 2966 7762
10 3787 259 2956 5023 4490 1450 4183 7289 3672 3714 6694 7121 4087 2856
11 3807 4209 9710 6003 6320 6339 1617 8346 4177 670 4859 9139 9025 2155 5099
16 5245 6693 5522 4213 266 9156 2785 7947 759 3039 5029 1391 6621 8671
20 644 3615 2211 5363 5977 2834 3892 925 2426 3770 1699 4348 843 105 1668
22 2719 1577 4987 1879 3018 3079 9761 1866 1236 9852 4470 1105 2562 3781 4765 4011 7320 6613 4664 935
27 8138 3037 7469 568 6654 6912 5398 6503 4720 640 1752
33 9791 847 1765 4761 8840 4382 355 5976 100 3463 839 1065 8350 6920 7023 6827 5437
35 8674 4353 4296 5952 9593 9991 2404 5992 1658 7461 5703 6673 9909 8609 6584 2962 569
53 532 8718 8160 4746 4015 4426 8511 5730 5935 8844 6613 3852 7852 8470
55 4684 6311 5592 915 2672 2217 1416 6918 3523 9468 4045
56 3287 1510 4265 1626 8617 7214 5434 8521 5131 3193 6161 4199
66 8858 4784 1224 9393 8961 7637 5651 797 3714 769 6996 5667 1476 7105 4269 4311
73 2622 2215 8006 6494 6319 4923 6044 7155 3720 8798 6240 4575 3285 8841 3243 5307 6082 5248 352 6584 3316
81 1304 1717 9241 8566 2522 4416 6340 6058 7752 9932 2385 8612 3584 8716
82 2296 6522 5580 8288 243 8186 864 1723 8390 2892 148 8005 8994
89 4994 6092 1006 1673 1322 1528 1161 6739 690 9767 7088
92 1179 6541 9815 9624 7584 452 5529 8977 7933 9479 8092 4196 9892 847 6635 2240
96 6640 3051 648 6116 5384 5546 2357 2683 9018 4132 1917 7008 5087 6888 838 3877
101 3977 5899 8480 7234 1577 5228 6695 9887 8652 435 8045 6552 8775 9245 7049 6324 9968
108 8911 4229 9770 6381 2042 2024 2324 729 6723 6725 8212 7683 5219 4901
117 1336 583 847 8786 6554 468 8493 5115 2979 5386 6338 8424 7734 2730 2003 5295 1982 7498 7193 8431
120 4986 3755 2796 782 5283 7663 9781 643 6572 9804 9296 4474 7740 2943
124 7197 6783 752 7413 1613 6264 9303 9311 1027 1538 868 6331 5739 4189 5553 5857 9852
125 1260 1045 587 8602 9478 22 6383 9360 4158 8098 5386 3958 3561 707
130 9887 7547 4769 7910 6556 5915 9088 7446 6376 1871 4670 5317 255 4901
140 9161 854 6143 5359 1014 1841 4463 6493 3324 6159 9969 4828 8722 4129
141 5621 9895 7556 8173 7069 337 5840 6521 2402 5008 5401 1670 6467 5340 8910
146 3665 3077 7799 2817 7839 6112 9766 3084 9676 2918 7686 5779 4558 6613
147 9864 2837 8241 1386 2709 6102 716 3888 4985 4014 5996 2855 6554 6458 6250 1984
157 9196 2958 5121 6899 6961 482 2574 6267 5952 763 8040 7050 518 9244 8922 7296
163 2746 5193 316 4073 2868 5895 6502 8042 6572 3247 8998 4660 1929 6351 1668 4134
170 8986 8240 237 9626 8028 4567 2645 5402 7925 2407 8724 3125 9351 5097 3111 1984
173 3727 2194 140 8948 2859 8090 5859 318 9842 8444 7904 944 9037 2237 7457 8994
179 6258 5929 3776 6000 2263 5562 2115 4457 1168 9210 5644 1423 5026 3543 6014
182 7044 4827 6379 699 6808 7227 4133 5168 989 6078 5990 3752 4786 780 5412 7949
189 6338 1927 7638 3595 7307 6331 3394 5782 5481 6192 9323
192 9015 3267 6875 1733 2186 3397 2085 9186 5660 2864 8310 3774 8820 4647 6613 7615
193 9503 7186 4486 1435 9702 226 2504 976 9374 8930 5775
196 5972 9512 3987 3537 7601 645 3988 7434 2892 9381 6550 7683 1144 5280 2390 1129 3665 8116
198 2124 1989 7213 5914 4987 4908 340 8444 3492 1638 1831
199 8899 9395 7192 9283 2035 2326 9188 5232 7246 8247 2381 4709 369 6621 1454 205 9265
203 5795 8484 9702 2777 3786 5218 8712 5031 3127 1793 5514 7867 8622 1498 2147 4606 2158 1383
205 1590 9204 9123 8728 7061 1773 7274 2398 9609 874 2881 6223 4967
217 433 5353 2231 5415 9048 1255 9676 3931 553 1871 8248 7359
219 6914 1070 157 7877 2532 9388 2877 3306 8265 2138 9573 9063 5064 1774 8445 7732
220 5486 2997 182 2550 7945 4490 3897 6036 460 5762 1091 8431 4035
228 2256 1604 4965 419 8918 335 4326 6382 6590 4822 6425 9230 4670 8005
229 3454 2006 8866 165 8298 7401 6402 2037 7922 1065 5019 7639 9192 5150 8092 3877 7652
232 4158 4808 8900 3965 6560 1264 7373 4503 4999 5608 3669 9211 7429 3681 3877 9842 3144
237 6635 3153 2326 1458 9087 2915 998 7036 8927 4711 2298 2856 9950 7597 8055 4313 1524
238 3904 9558 4741 5406 3644 8840 4391 9825 1366 5609 8963 9222 5483 1699 3012 1611 4035 3885
240 8276 9954 1205 4111 5446 3688 5330 1949 5586 7641 9579 647 4558 3006
242 8216 2028 5550 894 1952 1090 3188 7795 880 2918 1514 2293 2322 732 5848
249 9274 8831 3404 2998 3461 7494 8067 1788 8379 7926 7135 7410 3184 8722 5437 3074 4901 7949
250 2044 6042 2191 1405 5568 5509 454 9485 1421 684 4187 3245 1799 6130 3077 2340
255 8163 2771 4675 1627 82 6978 2281 4629 1558 8911 566 3374 6445 4171 4714 1476 1979 7782
265 4496 9811 9634 3757 9 1537 8029 9874 3822 6810 7788 3429 2668 3885 9075 2643 5507
268 6066 2776 1081 9966 5138 9102 4683 2974 7471 2401 8812 6102
269 3619 4623 7358 955 7628 7481 1431 1250 4263 2773 3284 7135 8105 8431
270 5007 5595 8336 1033 6449 122 1696 5189 2107 1408 8342 8953 1085 3751 9299
292 7817 3600 3038 2186 1113 7811 464 4205 6725 9160 2058 321 5097 6675 7517 6404 9930
294 4326 6579 5085 761 2354 6681 7774 8785 6919 6573 2164 2169 4352 2155
296 9204 2225 2365 4769 9960 7459 6456 1180 7672 9301 8078 8130 4941 4199 9453
300 5393 7193 3812 4253 9997 780 8895 5155 2401 6011 7980 3535 1450 8586 5458 1590 8987 1956 8134
304 5520 9211 1762 794 1118 5769 3661 8510 5877 5384 3494 151 3856 9632 7549 732 1731 2128 3982
305 6231 1150 1134 1309 7377 4201 575 5582 2976 5418 701 2848 6198 1276 9688 4362 8431 4340 6161 5775
315 5606 1171 1657 1495 3628 7135 9425 5575 2468 4949 3322 5993 2100 7481 4156 2693 325 4034 5458 221
319 7736 9823 3715 88 5738 676 3977 4055 9634 9204 1037 3005 8852 5448 4418 3203
330 4662 6132 7143 2476 482 9018 6347 9671 862 734 8229 3707 5064 6611 18 5869 2790 450 5748
332 2693 1014 3971 3615 7660 8171 6061 5451 4404 4013 412 9763 5995 3736
333 6008 3609 7459 2485 153 4510 8495 9255 7487 7157 2251 6141 4811 3384 374 6537 5899 1979
337 6055 2530 242 6841 9370 6529 9015 2102 5911 8109 8832 2240 935 7438
357 7086 1226 6434 2229 4553 1071 2825 6439 9820 3262 4117 7180 8683 3163 7756
364 6022 5347 1882 5437 8815 8140 4435 6296 1276 7602 7174 1020 255 7212 9786 1542 7056 8780 1780 1979 9299 5307
365 1902 4439 348 882 1294 142 4394 2542 2624 3588 3363 3163
374 2703 4533 6804 2740 8227 8402 1187 5633 641 5957 2970 3184 6692
377 8501 650 8734 1586 7118 8276 5568 1899 4456 1391 7641 979 8062 6547
378 3294 7841 711 4778 9146 2634 7535 3238 4174 3954
396 4431 573 972 6626 5396 8523 1677 3714 6666 9547 8057 9265 3697 6014
399 117 2628 1229 9762 3210 7265 5442 4270 2213 2486
401 2707 3015 5880 6115 5146 7279 2982 3496 8714 6396 2963 3604 5467 4742 1831 4901 8644 2327
415 312 133 9715 3423 10 904 1200 3432 5514 5682 5471 9968 2798 9903 745 7883
420 6762 8167 1694 6758 2485 1128 4704 399 2839 2885 4877 6430 4199 55 3543 9461 8406 7240 321
421 3249 9079 7675 3506 2433 6115 42 4194 5089 3049 609 4335 5572 3936 1984
422 5660 1693 9577 8718 5962 3944 4773 529 1732 6527 6020 7833 1287 7012 205
429 6461 984 6511 6920 7104 5131 4325 8033 6366 4914 2911 5200 3758 7751
433 5208 7467 3853 2499 7058 8221 4160 8642 1197 9914 6750 1763 4039 8532 6797 7545 3731 8130 4728 8068 3586 205
434 4195 9159 7197 529 9954 6863 379 4749 1773 9280 4933 3227 1749 3567 2643 9244
437 5277 6144 773 1678 493 712 1495 7719 6492 9303 4866 1470 9099 1091 5488 2422 4352
442 6547 9592 417 2614 8170 6282 3153 4648 6257 7317 5798 9777 9693 8506 5099 4341 7699
444 1285 5887 2706 9360 1893 3094 1139 9401 1038 132 6414 447 9573 4664 9075
447 8579 624 320 296 3821 2770 5567 9716 7921 8038 2402 8932 6258
453 4310 395 4386 5856 4511 6102 5940 5943 9351 6221 978 312 6739 6134 7699
457 9986 7362 9445 267 4071 2450 7255 2324 8215 4241 6195 1464 1375 1353 6327 8491 1984 8043 6467 7997
461 550 2485 9389 2963 6357 6953 4148 9617 6186 1383 926 4914 8722 6049 8491 3894
466 9967 8516 5796 9797 3744 2101 8116 8140 3300 3530 3583 9646 3371 9848
470 5442 8413 3548 385 1483 710 8172 957 7023 4942 2175 6187 7219
477 5710 8960 5941 1834 3252 1977 3551 7808 6903 8346 2676 2699 7569 4971 745 5326 1670 979 3894 2 2340
479 6540 3153 4421 7426 7164 3229 2296 8701 1811 3192 5105 7004 6635 1557 2240 5286 2288 7652 7438
480 7362 5433 9521 8810 8710 2926 8105 5035 3440 8005 752 4249 9559 9997 5859 4507 4308 883 6611 3012 4314
486 4523 1902 6992 7954 5961 4015 4995 5481 822 5729 7533 2412 3936 321 5340
488 3097 136 6065 7218 956 9566 7880 3613 4091 9091 2156 5454 9883 8302 1429
487 7627 912 833 1718 3377 3774 6572 9068 7806 2494 1646 9496
386 7389 5468 3888 9131 3563 7785 575 6345 128 1050 676
