82
2 23 0 16 137 9547 2 41 1 111 3 65 2878 34 6 110 54 1311 9 11 21 180 6359 50 252 74 7702 33 4 29 7 637 19 268 178 17 1495 27 3774
22 73 0 23 859 4 1024 6599 69 37 6035 1563 7 389 244 2 14 1 3221 3 6 9673 83 4328 5110 51 89 3680 167 5 881 22 2503 63 53 387 17 2949 2125 8 138 253
27 0 431 12 3 6 5 414 4584 121 45 1 33 2805 9 343 10 35 59 626 52 2 34 246 107 3140 24 124 2889 5830 8 69 138
67 25 0 39 2132 21 1863 14 38 28 1 15 779 1843 68 157 1623 1956 375 19 4 2195 18 3 7 891 229 2706 3689 519 2 5 129 511 36 7687 27 3767 3975
89 8 5 3 12 183 8843 59 1996 4 5270 105 39 10 1 1954 27 0 13 155 3644 7 447 151 665 2 9061 455 6082 8886 1806 79 44 583
58 3 46 3711 0 6259 472 18 7 95 1 309 2 10 78 9 65 519 4 42 77 6 26 170 15 90 32 88 138 2291 27 20 466 369 515 387 4977 11 9886 4023 1290 155 1263
80 609 99 0 5 2 11 4680 46 1 10 71 6 380 3 15 1232 115 37 5479 109 17 8 382 224 3528 23 57 1866 16 197 95 172 2060 968
15 63 119 32 8 3 19 2 0 240 29 2769 47 1 601 1345 60 1225 286 71 17 160 57 9 5812 411 2148 23 11 4 12 984 2960 25 20 37 3266 468 815
33 582 0 1257 151 2624 446 6 990 2862 8 82 203 17 18 57 34 46 315 2 158 3 809 33 10 5492 102 132 4 2033 76 501 9896 3600 204 1224 609 1365 2848 3097 708
95 22 52 54 7 0 138 103 405 3476 3679 284 2114 87 4 1 20 186 45 6 2521 602 3 2250 36 106 178 34 886 13 262 84 107 98 686
37 3140 10 322 19 1372 412 0 6755 395 62 2 6 15 18 51 514 866 16 817 594 54 106 1233 363 1 69 4659 57 6130 3 587 7 371 1089 776 1737
53 6 0 11 21 114 19 22 12 3038 4 1 100 1434 62 17 18 171 5 13 2 161 2135 724 2052 8512 15 187 9 243 2218 8629 251 23 136 3 2262 1428 8 1876
55 460 1137 0 3 163 53 2 115 1 19 3425 8345 10 543 11 15 377 57 14 8 5 9 2710 2456 173 2105 64 747 13 18 4482 6 126 6887 1263 1502
61 2 510 26 230 7433 23 2282 334 20 4 45 121 216 0 6 369 25 4478 70 225 1 978 184 7981 266 7 100 395 14 295 16 348 2739 3 72 115 9 8 138 968
72 17 1190 71 143 46 0 15 35 231 9 4 34 65 1216 137 233 168 115 355 1861 6979 47 1 3 11 1324 5038 36 710 452 7 3759 33 1126 14 253 8 708
82 14 8 1 0 21 1759 2 16 9711 6 1606 7 12 3 1937 4 337 32 59 37 5472 94 641 502 839 271 24 1424 60 61 1671 355 9 155 138 120 6656 3097
86 0 500 2051 33 2221 98 238 5 21 2 4 3 1757 227 23 10 7 77 218 351 1896 11 2987 1121 1318 9041 96 13 79 1340 485 968
97 670 31 4 34 0 9 14 99 519 1478 3 658 413 212 1258 13 6 61 2 1992 1002 960 1 278 358 1938 411 5 168 249 4301 6102 4142 5381
20 356 11 662 14 64 495 107 2 1841 16 32 3 770 1 23 17 6 4 0 5 87 919 62 1373 5672 118 27 454 43 75 90 1169 29 587 1117 583 1187 69
26 28 1436 9798 2844 222 0 12 6249 4 587 5027 289 8 13 258 1 1816 2333 5893 189 2 4807 4335 38 493 3 76 19 249 68 59 187 1951 948 2889
36 26 148 1 1290 15 2979 107 2 3 8 0 406 9798 712 676 6 35 4 17 49 105 206 1005 9562 1481 20 379 336 158 1168 3317 41 1919 989
64 0 2 34 352 56 4 282 987 32 299 2145 3 29 10 79 310 565 229 3940 86 373 1 81 6 356 52 5055 89 49 1283 3032 9305 1737
93 406 63 3 0 1027 328 1 2 469 9 27 1127 3730 597 278 71 561 4051 92 5 6137 36 21 39 714 24 19 5361 67 99 1388 280 554
31 5 3618 1530 354 1320 238 0 29 6 3 172 39 5021 5359 4683 53 216 1989 4604 6705 117 2 15 7 1 26 694 143 1088 55 102 27 199 8 69
68 9 8733 68 244 433 11 0 81 4 4138 5350 2 3 21 207 33 161 1130 10 12 1593 651 2657 75 173 197 134 18 499 7 28 273 19 1888 554
84 67 1119 194 4 245 8150 775 0 5990 3 2266 17 23 1072 981 55 344 32 1 28 88 250 236 345 92 26 96 9134 15 37 5 4063 13 2193 9768 21 253 583 2264
21 6 109 2546 8 0 10 4 342 9677 12 1 9 2 74 409 1293 13 5 463 249 807 226 36 1490 21 14 22 1859 757 3 127 27 69 3262 176 1610 1482 2264
24 330 186 40 1 62 4 3301 2 1217 0 3 181 21 25 641 4908 29 5052 15 4824 42 74 2812 390 363 31 145 3433 14 1012 10 1572 1173 138 708
39 1 1251 322 94 3 2 701 189 56 99 13 6 9 2128 0 796 4 118 169 546 21 632 7593 3813 26 7 204 25 750 8
45 225 229 47 384 0 27 2 239 11 1601 4025 5 9 6514 6001 1 310 18 365 8 23 753 2190 4 3761 16 2327 29 5625 143 3 21 32 2818 1502 7055
56 32 0 16 1 23 391 11 3 108 2 19 112 4 2431 18 2282 1913 2051 179 8114 50 44 799 6348 3796 34 7 8702 1697 35 8 5566 5 1591 22 62 9 632 3756 2264 1502
99 7 1966 8 116 0 2498 15 9 14 75 1209 933 37 1 2 168 7497 3881 117 5197 97 303 41 4 21 27 5 2478 5863 3 599 4552 23 199 13 16 362 19 8044 155 1756 3110 138
1 278 1 25 0 9903 464 58 1403 22 430 178 37 5519 2 323 5361 4 46 364 41 831 5515 1572 5 700 7269 123 3198 14 13 6890 65 240 406 1581 7 9 1089 199 404 485 1290
11 4 9 2 65 167 21 323 0 5 769 75 1011 1 111 203 31 125 725 8601 6408 93 35 3843 6238 225 2187 1429 64 39 1728 22 11 1412 2060 977 8450 554
76 43 0 2 39 3 10 3228 16 27 455 5 22 103 128 245 11 3279 48 17 47 1 8 35 556 6 34 45 108 129 305 6288 155 869 2060 8095 900 867
32 31 1414 0 175 10 7170 5 32 89 6 6382 12 179 128 235 1614 2184 9175 9073 2746 1741 11 144 730 3973 280 859
87 281 0 6 1 180 1368 34 505 3 186 104 11 2 4227 7 4 49 709 18 5 25 4040 3053 6614 8949 251 6779 6045 176 138 2076
92 585 40 1054 0 68 2 4630 8 2360 5 25 20 14 4 121 3 475 1 41 7 21 141 50 399 73 30 8444 364 71 24 8948 715 3676 356 3097
6 62 19 247 5154 39 210 1039 214 11 1 137 250 0 280 23 3 7606 516 27 935 655 88 218 20 44 82 2 561 86 36 18 669 7 9519 15 1058 4 331 7347 176 3172 2153
12 61 845 0 288 2 29 1 1378 6571 519 78 2177 1250 383 57 7399 2961 90 10 3955 188 20 4 225 826 521 1476 26 14 6907 7 95 166 1327 3379 63 138 867
47 12 129 140 101 266 115 0 130 1235 193 5 2 7685 1001 109 138 3 1134 168 37 344 6642 1 433 1048 26 83 4060 1532 4722 57 8 1495 583
54 1506 47 50 7070 0 7 24 5 4 12 2426 3 918 9 132 27 9162 119 6440 1 88 39 126 597 678 6 108 263 761 124 2 468 138
7 38 74 0 11 4848 303 1 6031 119 848 807 4 170 118 30 5429 4752 31 1315 21 41 1590 5222 7 380 15 6 167 51 331 50 3548 485 948 2 398 66 1296 63 4371
23 4 50 1156 26 39 33 0 1042 2 3 5 11 8 1 7 55 1948 35 233 6 17 53 1959 1438 28 19 3324 129 5834 1152 107 1967 152 2579 138
57 2684 0 67 1 41 1389 350 5020 84 391 37 5 1099 143 29 11 3 2212 2 180 448 9357 153 4 6438 6 197 360 437 9 158 268 968 138
66 66 39 14 2 118 0 4129 7437 289 523 2219 75 20 31 25 16 58 13 85 1 4 337 169 12 11 7 1806 406 5 176 280 309
19 31 1 9 6697 4 91 20 0 3699 5 602 6 8488 1011 7 7387 12 539 16 3 5294 3790 22 188 940 2233 73 19 419 231 980 358 2444 708
5 0 439 48 452 262 5 11 3016 284 9 1 202 7574 1846 109 28 4790 582 12 37 1740 8 526 2 3 105 412 20 566 4314 1184 1958 859
98 205 1487 106 46 1 42 40 0 179 43 410 5 23 9 157 26 1658 175 2 8 13 5748 6400 556 56 5645 6201 1636 17 52 27 236 3097
29 1 4211 42 17 278 31 6 7 193 5999 509 462 44 107 131 2 6661 57 279 13 253 26 16 15 671 226 0 4 69 156 1078 112 34 8 424 9 984 3158 1122 554
71 3 1 0 651 663 12 13 8088 2 5 112 84 4370 22 2665 15 4 3003 164 55 5275 443 42 48 111 142 9 6 2477 60 407 4148 327 473 19 114 2591 859
96 3 0 5 2065 1161 233 8 19 2 14 1489 39 206 9021 43 6 280 123 15 1245 83 329 63 428 323 1 183 6243 2235 156 4182 88 53 57 22 1903 301 9 138 2818
83 89 6 1857 0 2 4046 1 279 21 349 150 25 13 6607 593 1483 54 3 56 42 155 66 6158 73 4 126 1574 1141 1084 5 301 343 2433 14 859 1482 3244 2780
88 47 0 3 2 26 1583 21 45 4 117 5 100 6025 3915 1 12 672 7777 1503 42 17 29 19 24 68 8 169 1591 796 5778 92 38 869
9 9 33 0 13 1 6643 48 3 7192 5 962 2406 54 3972 21 6 42 50 25 15 5034 11 209 27 53 32 4938 6992 791 63 4 138
48 5973 2 51 4872 0 14 5915 1282 133 5 4180 7325 4673 300 3 12 103 97 4019 70 662 236 9 42 774 1 252 669 158 36 795 53 33 211 1272 3477 138
63 0 2 2178 4 1283 115 188 7820 5127 57 34 56 3 660 5 3100 135 6 3249 425 8 409 9 24 2158 5063 307 1 227 15 21 6549 1397 1554 14 285 138 709 900
90 6 1 3223 5 15 28 3 1071 0 7 21 6160 10 4479 8 2209 1808 76 1828 655 141 229 3814 2 158 11 155 238 25 8461 1110 1776 4329 452 7266 3977 720 4171 9054 3457 1384 554
62 10 332 5014 164 112 117 5 72 77 7 56 1 2091 2 1610 0 43 202 214 31 1051 9 25 135 256 2951 4089 6044 20 498 3 58 2575 197 7624 1310
81 8 2 19 56 0 3430 3252 5 103 4 93 129 1361 38 37 119 200 5170 15 28 131 3 652 94 12 1 1079 41 44 4386 7 715 65 662 152 27 138 554
10 203 24 17 4430 0 6 346 2 533 11 9053 4 529 23 4526 1 142 5 2911 19 14 75 131 28 2453 1132 22 571 114 168 3 243 2341 15 170 468 8 55 253 624 5926 1737
30 42 0 7 1108 432 36 19 46 5412 15 9338 422 1 2 3 478 44 6 1460 21 1552 205 4 3617 588 383 315 1694 815 37 38 9517 708 1263 968
46 1363 4 33 2 26 1390 836 12 2950 6 2628 559 9086 5638 1041 4372 628 13 338 419 505 0 224 169 101 476 544 1 7 28 9 2848 355 3071
85 293 0 123 1756 174 6 9 676 1 95 3 2 938 187 656 99 7 219 2652 88 5641 951 101 2973 19 232 122 52 20 9442 6234 297 55 15 6729 138
17 2 8 454 0 7 94 14 186 5893 759 20 1 3 4278 5 1710 346 435 42 3900 19 10 23 665 3274 21 67 7818 34 96 11 285 797 6049
28 4 1 2882 5 0 3 861 15 18 3458 272 1150 44 29 55 105 301 51 225 830 148 1865 402 121 37 17 2 9 83 309 67 645 161 7 8 1663 554 900 4364
42 0 3 131 73 1 27 94 2 8 2400 8931 164 25 800 4 26 15 6 603 1516 546 284 1664 4537 529 411 9567 5 29 38 81 475 13 11 482 1184 138 7360
65 13 12 5 3 1966 7995 27 2610 0 11 10 722 29 102 47 1 6 2 835 97 23 104 8 127 65 82 402 7 15 98 332 76 52 982 436 277 3244
75 762 6 141 4 0 1593 1 1499 11 10 5 33 73 427 1883 1119 3 388 62 1279 2 358 109 8 9 17 8180 28 58 276 57 63 47 245 3561 977 1482 1671
74 2385 0 22 258 264 612 142 12 3 8365 21 1 4 2 19 234 435 625 517 3502 13 64 1210 1401 58 40 621 418 1332 659 184 16 992 275 9295 36 148 1979 6450 1583
41 5038 1 12 2 20 71 0 64 52 1516 5737 4 156 50 11 722 3 6538 2344 14 7 9 17 66 554 68 716 39 6 5 2076 1679 900 1173
60 0 412 18 23 9 4 13 168 2025 77 10 85 1148 5 1304 2160 156 474 130 1128 1213 2380 8743 6379 15 625 7 132 19 1723 21 26 11 5442 28 65 27 2848 8 5985
94 16 10 7 1313 316 0 1 26 5442 2 5 68 2631 4 13 49 84 3 1790 25 807 218 1991 77 9652 956 2720 150 75 725 3053 2639 138 554
34 0 55 89 4104 5850 1 1378 264 550 3 24 1866 2986 101 4685 148 99 70 2 134 8076 4474 3768 4 35 1902 6604 437 2619 4133 9 909 224 329 8
18 0 18 1687 286 2 3626 95 4 157 10 17 4781 178 56 1 33 1052 465 8703 939 7 242 35 14 362 3 6787 7557 720 356 31 1071 138
49 8973 272 3 419 2 297 23 1959 88 19 0 28 118 123 646 42 29 6137 14 108 64 9957 1 35 51 7718 235 4 3236 24 8 11 1752 7970 138
69 6169 0 53 111 778 6 4152 2 1107 117 38 83 1696 1 8 88 3 69 63 90 26 486 66 4964 113 3249 708 936 4 884 24 3499 7 566 176
70 7 11 0 1 456 2883 82 21 25 2458 268 3 2 16 4859 5724 619 10 2683 1595 1706 136 69 83 9566 53 20 116 2062 8 372 14 63 28 3975 2780
44 50 51 175 1 0 7 5299 27 270 19 389 301 498 25 16 2 37 3 1017 1401 6689 8056 5 4947 6 120 5681 14 5524 38 1561 13 269 2625 309 56 28 224 4226 4869 1954 708
91 4 71 17 1 25 9 0 253 3208 22 145 2 2424 338 100 16 47 44 177 1804 1927 3794 46 34 8 378 13 1119 161 193 426 61 139 1016 3244 869
14 2 0 24 18 7884 236 50 1 492 5 72 3000 653 349 17 3 7155 3224 34 11 7 6 112 245 90 1621 25 9 8168 201 1807 45 46 316 10 131 120 356 671
51 0 1 9234 28 33 4 2 8783 9 213 6 23 4705 597 788 4606 288 966 78 14 13 22 2410 63 200 7 508 21 45 1728 17 159 24 725 334 1989 2420 27 2818 9365
